<?xml version="1.0" encoding="UTF-8"?>
<!-- Generated by org.testng.reporters.JUnitXMLReporter -->
<testsuite ignored="1" hostname="d748348-w10n" failures="1" tests="8" name="Car loan" time="0.065" errors="0" timestamp="2020-10-27T10:57:15 IST">
  <testcase classname="Test.Lecture145_3" name="mobileLoginCar" time="0.004"/>
  <testcase classname="Test.Lecture145_2" name="sanity" time="0.006"/>
  <testcase classname="Test.Lecture145_3" name="mobileLoginCar" time="0.001"/>
  <testcase classname="Test.Lecture145_3" name="mobileLoginCar" time="0.001"/>
  <testcase classname="Test.Lecture145_3" name="webLoginCar" time="0.0">
    <failure type="org.testng.TestNGException" message="
Method webLoginCar requires 2 parameters but 1 were supplied in the @Test annotation.">
      <![CDATA[org.testng.TestNGException: 
Method webLoginCar requires 2 parameters but 1 were supplied in the @Test annotation.
at java.base/java.util.ArrayList.forEach(ArrayList.java:1507)
at java.base/java.util.concurrent.FutureTask.run(FutureTask.java:264)
at java.base/java.util.concurrent.ThreadPoolExecutor.runWorker(ThreadPoolExecutor.java:1128)
at java.base/java.util.concurrent.ThreadPoolExecutor$Worker.run(ThreadPoolExecutor.java:628)
at java.base/java.lang.Thread.run(Thread.java:830)
... Removed 17 stack frames]]>
    </failure>
  </testcase> <!-- webLoginCar -->
  <testcase classname="Test.Lecture145_4" name="mobileLoginHome" time="0.001"/>
  <testcase classname="Test.Lecture145_3" name="apiLoginCar" time="0.0">
    <skipped/>
  </testcase> <!-- apiLoginCar -->
  <testcase classname="Test.Lecture145_4" name="apiLoginHome" time="0.001"/>
  <testcase classname="Test.Lecture145_1" name="Intermediate" time="0.0">
    <ignored/>
  </testcase> <!-- Intermediate -->
</testsuite> <!-- Car loan -->
